<?xml version="1.0" encoding="UTF-8"?>
<!-- Generated by org.testng.reporters.JUnitXMLReporter -->
<testsuite hostname="Manohar910Hp" ignored="8" name="Test" tests="9" failures="0" timestamp="2021-03-31T09:24:22 IST" time="97.438" errors="0">
  <testcase name="Role" time="9.111" classname="com.ebanking.master.RoleNg"/>
  <testcase name="Role" time="6.554" classname="com.ebanking.master.RoleNg"/>
  <testcase name="Role" time="7.203" classname="com.ebanking.master.RoleNg"/>
  <testcase name="Employee" time="13.82" classname="com.ebanking.master.EmployeeNg"/>
  <testcase name="Employee" time="11.132" classname="com.ebanking.master.EmployeeNg"/>
  <testcase name="Employee" time="12.347" classname="com.ebanking.master.EmployeeNg"/>
  <testcase name="branch" time="12.452" classname="com.ebanking.master.BranchNg"/>
  <testcase name="branch" time="11.397" classname="com.ebanking.master.BranchNg"/>
  <testcase name="branch" time="10.968" classname="com.ebanking.master.BranchNg"/>
  <testcase name="@AfterTest afterTest" time="0.0" classname="com.ebanking.master.MainTestNg">
    <ignored/>
  </testcase> <!-- @AfterTest afterTest -->
  <testcase name="@AfterTest afterTest" time="0.0" classname="com.ebanking.master.MainTestNg">
    <ignored/>
  </testcase> <!-- @AfterTest afterTest -->
  <testcase name="@BeforeSuite beforeSuite" time="0.0" classname="com.ebanking.master.MainTestNg">
    <ignored/>
  </testcase> <!-- @BeforeSuite beforeSuite -->
  <testcase name="@BeforeSuite beforeSuite" time="0.0" classname="com.ebanking.master.MainTestNg">
    <ignored/>
  </testcase> <!-- @BeforeSuite beforeSuite -->
  <testcase name="@AfterSuite afterSuite" time="0.0" classname="com.ebanking.master.MainTestNg">
    <ignored/>
  </testcase> <!-- @AfterSuite afterSuite -->
  <testcase name="@AfterSuite afterSuite" time="0.0" classname="com.ebanking.master.MainTestNg">
    <ignored/>
  </testcase> <!-- @AfterSuite afterSuite -->
  <testcase name="@BeforeTest beforeTest" time="0.0" classname="com.ebanking.master.MainTestNg">
    <ignored/>
  </testcase> <!-- @BeforeTest beforeTest -->
  <testcase name="@BeforeTest beforeTest" time="0.0" classname="com.ebanking.master.MainTestNg">
    <ignored/>
  </testcase> <!-- @BeforeTest beforeTest -->
</testsuite> <!-- Test -->
