<?xml version="1.0" encoding="UTF-8"?>
<!-- Generated by org.testng.reporters.JUnitXMLReporter -->
<testsuite hostname="Manohar910Hp" ignored="0" name="Default test" tests="3" failures="0" timestamp="2021-04-02T12:51:16 IST" time="40.558" errors="0">
  <testcase name="Employee" time="12.358" classname="com.ebanking.masters.EmpNgDataProvider"/>
  <testcase name="Employee" time="12.883" classname="com.ebanking.masters.EmpNgDataProvider"/>
  <testcase name="Employee" time="12.121" classname="com.ebanking.masters.EmpNgDataProvider"/>
</testsuite> <!-- Default test -->
