<?xml version="1.0" encoding="UTF-8"?>
<!-- Generated by org.testng.reporters.JUnitXMLReporter -->
<testsuite hostname="Manohar910Hp" ignored="0" name="Default test" tests="9" failures="0" timestamp="2021-04-02T16:22:03 IST" time="76.789" errors="0">
  <testcase name="Branch" time="7.126" classname="com.ebanking.master.PomExe"/>
  <testcase name="Branch" time="6.586" classname="com.ebanking.master.PomExe"/>
  <testcase name="Branch" time="6.664" classname="com.ebanking.master.PomExe"/>
  <testcase name="Employee" time="7.172" classname="com.ebanking.master.PomExe"/>
  <testcase name="Employee" time="8.133" classname="com.ebanking.master.PomExe"/>
  <testcase name="Employee" time="6.981" classname="com.ebanking.master.PomExe"/>
  <testcase name="Role" time="5.534" classname="com.ebanking.master.PomExe"/>
  <testcase name="Role" time="4.944" classname="com.ebanking.master.PomExe"/>
  <testcase name="Role" time="4.915" classname="com.ebanking.master.PomExe"/>
</testsuite> <!-- Default test -->
