<?xml version="1.0" encoding="UTF-8"?>
<!-- Generated by org.testng.reporters.JUnitXMLReporter -->
<testsuite hostname="Manohar910Hp" ignored="8" name="testngRFB.xml" tests="9" failures="0" timestamp="2021-04-02T12:53:53 IST" time="98.583" errors="0">
  <testcase name="branch" time="12.587" classname="com.ebanking.masters.BranchNgDataProvider"/>
  <testcase name="branch" time="12.038" classname="com.ebanking.masters.BranchNgDataProvider"/>
  <testcase name="branch" time="11.826" classname="com.ebanking.masters.BranchNgDataProvider"/>
  <testcase name="Role" time="7.924" classname="com.ebanking.masters.RoleNgDataProvider"/>
  <testcase name="Role" time="7.22" classname="com.ebanking.masters.RoleNgDataProvider"/>
  <testcase name="Role" time="7.794" classname="com.ebanking.masters.RoleNgDataProvider"/>
  <testcase name="Employee" time="12.758" classname="com.ebanking.masters.EmpNgDataProvider"/>
  <testcase name="Employee" time="12.402" classname="com.ebanking.masters.EmpNgDataProvider"/>
  <testcase name="Employee" time="11.673" classname="com.ebanking.masters.EmpNgDataProvider"/>
  <testcase name="@BeforeSuite beforeSuite" time="0.0" classname="com.ebanking.masters.MainTestNg">
    <ignored/>
  </testcase> <!-- @BeforeSuite beforeSuite -->
  <testcase name="@BeforeSuite beforeSuite" time="0.0" classname="com.ebanking.masters.MainTestNg">
    <ignored/>
  </testcase> <!-- @BeforeSuite beforeSuite -->
  <testcase name="@AfterSuite afterSuite" time="0.0" classname="com.ebanking.masters.MainTestNg">
    <ignored/>
  </testcase> <!-- @AfterSuite afterSuite -->
  <testcase name="@AfterSuite afterSuite" time="0.0" classname="com.ebanking.masters.MainTestNg">
    <ignored/>
  </testcase> <!-- @AfterSuite afterSuite -->
  <testcase name="@BeforeTest beforeTest" time="0.0" classname="com.ebanking.masters.MainTestNg">
    <ignored/>
  </testcase> <!-- @BeforeTest beforeTest -->
  <testcase name="@BeforeTest beforeTest" time="0.0" classname="com.ebanking.masters.MainTestNg">
    <ignored/>
  </testcase> <!-- @BeforeTest beforeTest -->
  <testcase name="@AfterTest afterTest" time="0.0" classname="com.ebanking.masters.MainTestNg">
    <ignored/>
  </testcase> <!-- @AfterTest afterTest -->
  <testcase name="@AfterTest afterTest" time="0.0" classname="com.ebanking.masters.MainTestNg">
    <ignored/>
  </testcase> <!-- @AfterTest afterTest -->
</testsuite> <!-- testngRFB.xml -->
