<?xml version="1.0" encoding="UTF-8"?>
<testng-results skipped="0" failed="0" ignored="8" total="17" passed="9">
  <reporter-output>
  </reporter-output>
  <suite name="Suite" duration-ms="98583" started-at="2021-04-02T12:52:15 IST" finished-at="2021-04-02T12:53:53 IST">
    <groups>
    </groups>
    <test name="testngRFB.xml" duration-ms="98583" started-at="2021-04-02T12:52:15 IST" finished-at="2021-04-02T12:53:53 IST">
      <class name="com.ebanking.masters.EmpNgDataProvider">
        <test-method status="PASS" signature="Employee(java.lang.String, java.lang.String, java.lang.String, java.lang.String)[pri:0, instance:com.ebanking.masters.EmpNgDataProvider@520a3426]" name="Employee" duration-ms="12758" started-at="2021-04-02T12:53:16 IST" data-provider="eData" finished-at="2021-04-02T12:53:28 IST">
          <params>
            <param index="0">
              <value>
                <![CDATA[hkjljdf]]>
              </value>
            </param>
            <param index="1">
              <value>
                <![CDATA[hbkhjlkjlk]]>
              </value>
            </param>
            <param index="2">
              <value>
                <![CDATA[jhkjkjhjk]]>
              </value>
            </param>
            <param index="3">
              <value>
                <![CDATA[Mjkjlkjsljk]]>
              </value>
            </param>
          </params>
          <reporter-output>
          </reporter-output>
        </test-method> <!-- Employee -->
        <test-method status="PASS" signature="Employee(java.lang.String, java.lang.String, java.lang.String, java.lang.String)[pri:0, instance:com.ebanking.masters.EmpNgDataProvider@520a3426]" name="Employee" duration-ms="12402" started-at="2021-04-02T12:53:28 IST" data-provider="eData" finished-at="2021-04-02T12:53:41 IST">
          <params>
            <param index="0">
              <value>
                <![CDATA[hkjljhghgdf]]>
              </value>
            </param>
            <param index="1">
              <value>
                <![CDATA[hbkhggjlkjlk]]>
              </value>
            </param>
            <param index="2">
              <value>
                <![CDATA[jhkjkjhjk]]>
              </value>
            </param>
            <param index="3">
              <value>
                <![CDATA[Mjkjlkjsljk]]>
              </value>
            </param>
          </params>
          <reporter-output>
          </reporter-output>
        </test-method> <!-- Employee -->
        <test-method status="PASS" signature="Employee(java.lang.String, java.lang.String, java.lang.String, java.lang.String)[pri:0, instance:com.ebanking.masters.EmpNgDataProvider@520a3426]" name="Employee" duration-ms="11673" started-at="2021-04-02T12:53:41 IST" data-provider="eData" finished-at="2021-04-02T12:53:52 IST">
          <params>
            <param index="0">
              <value>
                <![CDATA[hkjlghjdf]]>
              </value>
            </param>
            <param index="1">
              <value>
                <![CDATA[hbkhhjjjlkjlk]]>
              </value>
            </param>
            <param index="2">
              <value>
                <![CDATA[jhkjkjhjk]]>
              </value>
            </param>
            <param index="3">
              <value>
                <![CDATA[Mjkjlkjsljk]]>
              </value>
            </param>
          </params>
          <reporter-output>
          </reporter-output>
        </test-method> <!-- Employee -->
      </class> <!-- com.ebanking.masters.EmpNgDataProvider -->
      <class name="com.ebanking.masters.BranchNgDataProvider">
        <test-method status="PASS" signature="beforeSuite()[pri:0, instance:com.ebanking.masters.BranchNgDataProvider@6b09bb57]" name="beforeSuite" is-config="true" duration-ms="12504" started-at="2021-04-02T12:52:02 IST" finished-at="2021-04-02T12:52:15 IST">
          <reporter-output>
          </reporter-output>
        </test-method> <!-- beforeSuite -->
        <test-method status="PASS" signature="beforeTest()[pri:0, instance:com.ebanking.masters.BranchNgDataProvider@6b09bb57]" name="beforeTest" is-config="true" duration-ms="1325" started-at="2021-04-02T12:52:15 IST" finished-at="2021-04-02T12:52:16 IST">
          <reporter-output>
          </reporter-output>
        </test-method> <!-- beforeTest -->
        <test-method status="PASS" signature="branch(java.lang.String, java.lang.String, java.lang.String, java.lang.String, java.lang.String, java.lang.String, java.lang.String, java.lang.String, java.lang.String)[pri:0, instance:com.ebanking.masters.BranchNgDataProvider@6b09bb57]" name="branch" duration-ms="12587" started-at="2021-04-02T12:52:16 IST" data-provider="Bdata" finished-at="2021-04-02T12:52:29 IST">
          <params>
            <param index="0">
              <value>
                <![CDATA[Mjkjlkjsljk]]>
              </value>
            </param>
            <param index="1">
              <value>
                <![CDATA[hghjgkh]]>
              </value>
            </param>
            <param index="2">
              <value>
                <![CDATA[khjjlk]]>
              </value>
            </param>
            <param index="3">
              <value>
                <![CDATA[jhkhlj]]>
              </value>
            </param>
            <param index="4">
              <value>
                <![CDATA[hgjhgkhk]]>
              </value>
            </param>
            <param index="5">
              <value>
                <![CDATA[76456]]>
              </value>
            </param>
            <param index="6">
              <value>
                <![CDATA[INDIA]]>
              </value>
            </param>
            <param index="7">
              <value>
                <![CDATA[Tamil Nadu]]>
              </value>
            </param>
            <param index="8">
              <value>
                <![CDATA[CHENNAI]]>
              </value>
            </param>
          </params>
          <reporter-output>
          </reporter-output>
        </test-method> <!-- branch -->
        <test-method status="PASS" signature="branch(java.lang.String, java.lang.String, java.lang.String, java.lang.String, java.lang.String, java.lang.String, java.lang.String, java.lang.String, java.lang.String)[pri:0, instance:com.ebanking.masters.BranchNgDataProvider@6b09bb57]" name="branch" duration-ms="12038" started-at="2021-04-02T12:52:29 IST" data-provider="Bdata" finished-at="2021-04-02T12:52:41 IST">
          <params>
            <param index="0">
              <value>
                <![CDATA[Mjkhghglkjsljk]]>
              </value>
            </param>
            <param index="1">
              <value>
                <![CDATA[hghhgjgjgkh]]>
              </value>
            </param>
            <param index="2">
              <value>
                <![CDATA[khjhjjlk]]>
              </value>
            </param>
            <param index="3">
              <value>
                <![CDATA[jhhhkhlj]]>
              </value>
            </param>
            <param index="4">
              <value>
                <![CDATA[hghjhgkhk]]>
              </value>
            </param>
            <param index="5">
              <value>
                <![CDATA[78456]]>
              </value>
            </param>
            <param index="6">
              <value>
                <![CDATA[INDIA]]>
              </value>
            </param>
            <param index="7">
              <value>
                <![CDATA[Tamil Nadu]]>
              </value>
            </param>
            <param index="8">
              <value>
                <![CDATA[CHENNAI]]>
              </value>
            </param>
          </params>
          <reporter-output>
          </reporter-output>
        </test-method> <!-- branch -->
        <test-method status="PASS" signature="branch(java.lang.String, java.lang.String, java.lang.String, java.lang.String, java.lang.String, java.lang.String, java.lang.String, java.lang.String, java.lang.String)[pri:0, instance:com.ebanking.masters.BranchNgDataProvider@6b09bb57]" name="branch" duration-ms="11826" started-at="2021-04-02T12:52:41 IST" data-provider="Bdata" finished-at="2021-04-02T12:52:53 IST">
          <params>
            <param index="0">
              <value>
                <![CDATA[Mjfhgjgkjsljk]]>
              </value>
            </param>
            <param index="1">
              <value>
                <![CDATA[hghjhgggkh]]>
              </value>
            </param>
            <param index="2">
              <value>
                <![CDATA[khgjhgjjlk]]>
              </value>
            </param>
            <param index="3">
              <value>
                <![CDATA[jhkhgfgfhlj]]>
              </value>
            </param>
            <param index="4">
              <value>
                <![CDATA[hgjhgkhk]]>
              </value>
            </param>
            <param index="5">
              <value>
                <![CDATA[76356]]>
              </value>
            </param>
            <param index="6">
              <value>
                <![CDATA[INDIA]]>
              </value>
            </param>
            <param index="7">
              <value>
                <![CDATA[Tamil Nadu]]>
              </value>
            </param>
            <param index="8">
              <value>
                <![CDATA[CHENNAI]]>
              </value>
            </param>
          </params>
          <reporter-output>
          </reporter-output>
        </test-method> <!-- branch -->
        <test-method status="PASS" signature="afterTest()[pri:0, instance:com.ebanking.masters.BranchNgDataProvider@6b09bb57]" name="afterTest" is-config="true" duration-ms="844" started-at="2021-04-02T12:53:52 IST" finished-at="2021-04-02T12:53:53 IST">
          <reporter-output>
          </reporter-output>
        </test-method> <!-- afterTest -->
        <test-method status="PASS" signature="afterSuite()[pri:0, instance:com.ebanking.masters.BranchNgDataProvider@6b09bb57]" name="afterSuite" is-config="true" duration-ms="2309" started-at="2021-04-02T12:53:53 IST" finished-at="2021-04-02T12:53:56 IST">
          <reporter-output>
          </reporter-output>
        </test-method> <!-- afterSuite -->
      </class> <!-- com.ebanking.masters.BranchNgDataProvider -->
      <class name="com.ebanking.masters.RoleNgDataProvider">
        <test-method status="PASS" signature="Role(java.lang.String, java.lang.String, java.lang.String)[pri:0, instance:com.ebanking.masters.RoleNgDataProvider@6536e911]" name="Role" duration-ms="7924" started-at="2021-04-02T12:52:53 IST" data-provider="Rdata" finished-at="2021-04-02T12:53:01 IST">
          <params>
            <param index="0">
              <value>
                <![CDATA[jhkjkjhjk]]>
              </value>
            </param>
            <param index="1">
              <value>
                <![CDATA[bkdhkjldj]]>
              </value>
            </param>
            <param index="2">
              <value>
                <![CDATA[E]]>
              </value>
            </param>
          </params>
          <reporter-output>
          </reporter-output>
        </test-method> <!-- Role -->
        <test-method status="PASS" signature="Role(java.lang.String, java.lang.String, java.lang.String)[pri:0, instance:com.ebanking.masters.RoleNgDataProvider@6536e911]" name="Role" duration-ms="7220" started-at="2021-04-02T12:53:01 IST" data-provider="Rdata" finished-at="2021-04-02T12:53:08 IST">
          <params>
            <param index="0">
              <value>
                <![CDATA[jhkjkhghjjhjk]]>
              </value>
            </param>
            <param index="1">
              <value>
                <![CDATA[bkdhhjghkjldj]]>
              </value>
            </param>
            <param index="2">
              <value>
                <![CDATA[E]]>
              </value>
            </param>
          </params>
          <reporter-output>
          </reporter-output>
        </test-method> <!-- Role -->
        <test-method status="PASS" signature="Role(java.lang.String, java.lang.String, java.lang.String)[pri:0, instance:com.ebanking.masters.RoleNgDataProvider@6536e911]" name="Role" duration-ms="7794" started-at="2021-04-02T12:53:08 IST" data-provider="Rdata" finished-at="2021-04-02T12:53:16 IST">
          <params>
            <param index="0">
              <value>
                <![CDATA[jhkhjjkjhjk]]>
              </value>
            </param>
            <param index="1">
              <value>
                <![CDATA[bkhhdhkjldj]]>
              </value>
            </param>
            <param index="2">
              <value>
                <![CDATA[E]]>
              </value>
            </param>
          </params>
          <reporter-output>
          </reporter-output>
        </test-method> <!-- Role -->
      </class> <!-- com.ebanking.masters.RoleNgDataProvider -->
    </test> <!-- testngRFB.xml -->
  </suite> <!-- Suite -->
</testng-results>
